# JRE version: Java(TM) SE Runtime Environment (8.0_131-b11) (build 1.8.0_131-b11)
# Java VM: Java HotSpot(TM) 64-Bit Server VM (25.131-b11 mixed mode windows-amd64 compressed oops)
Heap:
 PSYoungGen      total 558080K, used 362119K [0x00000000d5d80000, 0x00000000ffc80000, 0x0000000100000000)
  eden space 428032K, 62% used [0x00000000d5d80000,0x00000000e6288920,0x00000000eff80000)
  from space 130048K, 72% used [0x00000000f7d80000,0x00000000fda195e8,0x00000000ffc80000)
  to   space 129024K, 0% used [0x00000000eff80000,0x00000000eff80000,0x00000000f7d80000)
 ParOldGen       total 208384K, used 159071K [0x0000000081800000, 0x000000008e380000, 0x00000000d5d80000)
  object space 208384K, 76% used [0x0000000081800000,0x000000008b357ee8,0x000000008e380000)
 Metaspace       used 20644K, capacity 21168K, committed 21504K, reserved 1069056K
  class space    used 2356K, capacity 2493K, committed 2560K, reserved 1048576K
GC Heap History (10 events):
Event: 36.272 GC heap before
{Heap before GC invocations=32 (full 2):
 PSYoungGen      total 549888K, used 507040K [0x00000000d5d80000, 0x00000000ffd00000, 0x0000000100000000)
  eden space 414720K, 100% used [0x00000000d5d80000,0x00000000ef280000,0x00000000ef280000)
  from space 135168K, 68% used [0x00000000ef280000,0x00000000f4ca83a8,0x00000000f7680000)
  to   space 134144K, 0% used [0x00000000f7a00000,0x00000000f7a00000,0x00000000ffd00000)
 ParOldGen       total 208384K, used 152179K [0x0000000081800000, 0x000000008e380000, 0x00000000d5d80000)
  object space 208384K, 73% used [0x0000000081800000,0x000000008ac9ce48,0x000000008e380000)
 Metaspace       used 20643K, capacity 21168K, committed 21504K, reserved 1069056K
  class space    used 2355K, capacity 2493K, committed 2560K, reserved 1048576K
Event: 36.429 GC heap after
Heap after GC invocations=32 (full 2):
 PSYoungGen      total 554496K, used 92925K [0x00000000d5d80000, 0x00000000ffd00000, 0x0000000100000000)
  eden space 420352K, 0% used [0x00000000d5d80000,0x00000000d5d80000,0x00000000ef800000)
  from space 134144K, 69% used [0x00000000f7a00000,0x00000000fd4bf418,0x00000000ffd00000)
  to   space 133120K, 0% used [0x00000000ef800000,0x00000000ef800000,0x00000000f7a00000)
 ParOldGen       total 208384K, used 153623K [0x0000000081800000, 0x000000008e380000, 0x00000000d5d80000)
  object space 208384K, 73% used [0x0000000081800000,0x000000008ae05e68,0x000000008e380000)
 Metaspace       used 20643K, capacity 21168K, committed 21504K, reserved 1069056K
  class space    used 2355K, capacity 2493K, committed 2560K, reserved 1048576K
}
Event: 37.412 GC heap before
{Heap before GC invocations=33 (full 2):
 PSYoungGen      total 554496K, used 513277K [0x00000000d5d80000, 0x00000000ffd00000, 0x0000000100000000)
  eden space 420352K, 100% used [0x00000000d5d80000,0x00000000ef800000,0x00000000ef800000)
  from space 134144K, 69% used [0x00000000f7a00000,0x00000000fd4bf418,0x00000000ffd00000)
  to   space 133120K, 0% used [0x00000000ef800000,0x00000000ef800000,0x00000000f7a00000)
 ParOldGen       total 208384K, used 153623K [0x0000000081800000, 0x000000008e380000, 0x00000000d5d80000)
  object space 208384K, 73% used [0x0000000081800000,0x000000008ae05e68,0x000000008e380000)
 Metaspace       used 20643K, capacity 21168K, committed 21504K, reserved 1069056K
  class space    used 2355K, capacity 2493K, committed 2560K, reserved 1048576K
Event: 37.597 GC heap after
Heap after GC invocations=33 (full 2):
 PSYoungGen      total 553472K, used 94254K [0x00000000d5d80000, 0x00000000ffe00000, 0x0000000100000000)
  eden space 420352K, 0% used [0x00000000d5d80000,0x00000000d5d80000,0x00000000ef800000)
  from space 133120K, 70% used [0x00000000ef800000,0x00000000f540b980,0x00000000f7a00000)
  to   space 132608K, 0% used [0x00000000f7c80000,0x00000000f7c80000,0x00000000ffe00000)
 ParOldGen       total 208384K, used 155155K [0x0000000081800000, 0x000000008e380000, 0x00000000d5d80000)
  object space 208384K, 74% used [0x0000000081800000,0x000000008af84e98,0x000000008e380000)
 Metaspace       used 20643K, capacity 21168K, committed 21504K, reserved 1069056K
  class space    used 2355K, capacity 2493K, committed 2560K, reserved 1048576K
}
Event: 38.558 GC heap before
{Heap before GC invocations=34 (full 2):
 PSYoungGen      total 553472K, used 514606K [0x00000000d5d80000, 0x00000000ffe00000, 0x0000000100000000)
  eden space 420352K, 100% used [0x00000000d5d80000,0x00000000ef800000,0x00000000ef800000)
  from space 133120K, 70% used [0x00000000ef800000,0x00000000f540b980,0x00000000f7a00000)
  to   space 132608K, 0% used [0x00000000f7c80000,0x00000000f7c80000,0x00000000ffe00000)
 ParOldGen       total 208384K, used 155155K [0x0000000081800000, 0x000000008e380000, 0x00000000d5d80000)
  object space 208384K, 74% used [0x0000000081800000,0x000000008af84e98,0x000000008e380000)
 Metaspace       used 20643K, capacity 21168K, committed 21504K, reserved 1069056K
  class space    used 2355K, capacity 2493K, committed 2560K, reserved 1048576K
Event: 38.714 GC heap after
Heap after GC invocations=34 (full 2):
 PSYoungGen      total 556544K, used 94269K [0x00000000d5d80000, 0x00000000ffd80000, 0x0000000100000000)
  eden space 424448K, 0% used [0x00000000d5d80000,0x00000000d5d80000,0x00000000efc00000)
  from space 132096K, 71% used [0x00000000f7c80000,0x00000000fd88f690,0x00000000ffd80000)
  to   space 131584K, 0% used [0x00000000efc00000,0x00000000efc00000,0x00000000f7c80000)
 ParOldGen       total 208384K, used 156599K [0x0000000081800000, 0x000000008e380000, 0x00000000d5d80000)
  object space 208384K, 75% used [0x0000000081800000,0x000000008b0edeb8,0x000000008e380000)
 Metaspace       used 20643K, capacity 21168K, committed 21504K, reserved 1069056K
  class space    used 2355K, capacity 2493K, committed 2560K, reserved 1048576K
}
Event: 39.703 GC heap before
{Heap before GC invocations=35 (full 2):
 PSYoungGen      total 556544K, used 518717K [0x00000000d5d80000, 0x00000000ffd80000, 0x0000000100000000)
  eden space 424448K, 100% used [0x00000000d5d80000,0x00000000efc00000,0x00000000efc00000)
  from space 132096K, 71% used [0x00000000f7c80000,0x00000000fd88f690,0x00000000ffd80000)
  to   space 131584K, 0% used [0x00000000efc00000,0x00000000efc00000,0x00000000f7c80000)
 ParOldGen       total 208384K, used 156599K [0x0000000081800000, 0x000000008e380000, 0x00000000d5d80000)
  object space 208384K, 75% used [0x0000000081800000,0x000000008b0edeb8,0x000000008e380000)
 Metaspace       used 20643K, capacity 21168K, committed 21504K, reserved 1069056K
  class space    used 2355K, capacity 2493K, committed 2560K, reserved 1048576K
Event: 39.886 GC heap after
Heap after GC invocations=35 (full 2):
 PSYoungGen      total 556032K, used 94448K [0x00000000d5d80000, 0x00000000ffc80000, 0x0000000100000000)
  eden space 424448K, 0% used [0x00000000d5d80000,0x00000000d5d80000,0x00000000efc00000)
  from space 131584K, 71% used [0x00000000efc00000,0x00000000f583c2c0,0x00000000f7c80000)
  to   space 130048K, 0% used [0x00000000f7d80000,0x00000000f7d80000,0x00000000ffc80000)
 ParOldGen       total 208384K, used 158035K [0x0000000081800000, 0x000000008e380000, 0x00000000d5d80000)
  object space 208384K, 75% used [0x0000000081800000,0x000000008b254ed8,0x000000008e380000)
 Metaspace       used 20643K, capacity 21168K, committed 21504K, reserved 1069056K
  class space    used 2355K, capacity 2493K, committed 2560K, reserved 1048576K
}
Event: 40.955 GC heap before
{Heap before GC invocations=36 (full 2):
 PSYoungGen      total 556032K, used 518896K [0x00000000d5d80000, 0x00000000ffc80000, 0x0000000100000000)
  eden space 424448K, 100% used [0x00000000d5d80000,0x00000000efc00000,0x00000000efc00000)
  from space 131584K, 71% used [0x00000000efc00000,0x00000000f583c2c0,0x00000000f7c80000)
  to   space 130048K, 0% used [0x00000000f7d80000,0x00000000f7d80000,0x00000000ffc80000)
 ParOldGen       total 208384K, used 158035K [0x0000000081800000, 0x000000008e380000, 0x00000000d5d80000)
  object space 208384K, 75% used [0x0000000081800000,0x000000008b254ed8,0x000000008e380000)
 Metaspace       used 20644K, capacity 21168K, committed 21504K, reserved 1069056K
  class space    used 2356K, capacity 2493K, committed 2560K, reserved 1048576K
Event: 41.139 GC heap after
Heap after GC invocations=36 (full 2):
 PSYoungGen      total 558080K, used 94821K [0x00000000d5d80000, 0x00000000ffc80000, 0x0000000100000000)
  eden space 428032K, 0% used [0x00000000d5d80000,0x00000000d5d80000,0x00000000eff80000)
  from space 130048K, 72% used [0x00000000f7d80000,0x00000000fda195e8,0x00000000ffc80000)
  to   space 129024K, 0% used [0x00000000eff80000,0x00000000eff80000,0x00000000f7d80000)
 ParOldGen       total 208384K, used 159071K [0x0000000081800000, 0x000000008e380000, 0x00000000d5d80000)
  object space 208384K, 76% used [0x0000000081800000,0x000000008b357ee8,0x000000008e380000)
 Metaspace       used 20644K, capacity 21168K, committed 21504K, reserved 1069056K
  class space    used 2356K, capacity 2493K, committed 2560K, reserved 1048576K
}

